14-Jun-21 01:02:23 [INFO] Hooks.before:29 - ---------------------------------------------------------------
14-Jun-21 01:02:23 [INFO] Hooks.before:30 - Test Case Name: Registration Scenario
14-Jun-21 01:02:23 [INFO] Hooks.before:31 - Status: Started
14-Jun-21 01:02:23 [INFO] Hooks.before:32 - ---------------------------------------------------------------
14-Jun-21 01:02:23 [INFO] ActionsUtil.logInfo:380 - Initializing the Browser instance
14-Jun-21 01:02:28 [INFO] ActionsUtil.logInfo:380 - Navigating to the URL: 'http://automationpractice.com/index.php'
14-Jun-21 01:02:36 [INFO] ActionsUtil.logInfo:380 - Click on the sign in button
14-Jun-21 01:02:36 [INFO] ActionsUtil.logInfo:380 - Entering the registration mail as 'useramrtest@mail.com'
14-Jun-21 01:02:36 [INFO] ActionsUtil.logInfo:380 - Click on the create account button
14-Jun-21 01:02:37 [INFO] ActionsUtil.logInfo:380 - Waiting for the registration from to be visible
14-Jun-21 01:04:37 [ERROR] ActionsUtil.logError:391 - Exception while trying to select the gender from the registration form
14-Jun-21 01:04:37 [ERROR] ActionsUtil.logError:391 - Stack Trace: [org.openqa.selenium.support.ui.FluentWait.timeoutException(FluentWait.java:263), org.openqa.selenium.support.ui.FluentWait.until(FluentWait.java:231), utils.ActionsUtil.clickOn(ActionsUtil.java:212), stepDefinitionImplementation.ui.CreateAccountImpl.chooseGender(CreateAccountImpl.java:175), stepDefinitionImplementation.ui.CreateAccountImpl.register(CreateAccountImpl.java:126), stepDefinition.ui.CreateAccountDef.user_fills_the_registration_form_with_the_data_of(CreateAccountDef.java:21), java.base/jdk.internal.reflect.NativeMethodAccessorImpl.invoke0(Native Method), java.base/jdk.internal.reflect.NativeMethodAccessorImpl.invoke(NativeMethodAccessorImpl.java:62), java.base/jdk.internal.reflect.DelegatingMethodAccessorImpl.invoke(DelegatingMethodAccessorImpl.java:43), java.base/java.lang.reflect.Method.invoke(Method.java:566), io.cucumber.java.Invoker.doInvoke(Invoker.java:66), io.cucumber.java.Invoker.invoke(Invoker.java:24), io.cucumber.java.AbstractGlueDefinition.invokeMethod(AbstractGlueDefinition.java:47), io.cucumber.java.JavaStepDefinition.execute(JavaStepDefinition.java:29), io.cucumber.core.runner.CoreStepDefinition.execute(CoreStepDefinition.java:66), io.cucumber.core.runner.PickleStepDefinitionMatch.runStep(PickleStepDefinitionMatch.java:63), io.cucumber.core.runner.ExecutionMode$1.execute(ExecutionMode.java:10), io.cucumber.core.runner.TestStep.executeStep(TestStep.java:92), io.cucumber.core.runner.TestStep.run(TestStep.java:64), io.cucumber.core.runner.PickleStepTestStep.run(PickleStepTestStep.java:51), io.cucumber.core.runner.TestCase.run(TestCase.java:104), io.cucumber.core.runner.Runner.runPickle(Runner.java:73), io.cucumber.junit.PickleRunners$NoStepDescriptions.run(PickleRunners.java:151), io.cucumber.junit.FeatureRunner.runChild(FeatureRunner.java:135), io.cucumber.junit.FeatureRunner.runChild(FeatureRunner.java:27), org.junit.runners.ParentRunner$4.run(ParentRunner.java:331), org.junit.runners.ParentRunner$1.schedule(ParentRunner.java:79), org.junit.runners.ParentRunner.runChildren(ParentRunner.java:329), org.junit.runners.ParentRunner.access$100(ParentRunner.java:66), org.junit.runners.ParentRunner$2.evaluate(ParentRunner.java:293), org.junit.runners.ParentRunner$3.evaluate(ParentRunner.java:306), org.junit.runners.ParentRunner.run(ParentRunner.java:413), io.cucumber.junit.Cucumber.runChild(Cucumber.java:200), io.cucumber.junit.Cucumber.runChild(Cucumber.java:90), org.junit.runners.ParentRunner$4.run(ParentRunner.java:331), org.junit.runners.ParentRunner$1.schedule(ParentRunner.java:79), org.junit.runners.ParentRunner.runChildren(ParentRunner.java:329), org.junit.runners.ParentRunner.access$100(ParentRunner.java:66), org.junit.runners.ParentRunner$2.evaluate(ParentRunner.java:293), io.cucumber.junit.Cucumber$RunCucumber.evaluate(Cucumber.java:235), org.junit.internal.runners.statements.RunBefores.evaluate(RunBefores.java:26), org.junit.internal.runners.statements.RunAfters.evaluate(RunAfters.java:27), org.junit.runners.ParentRunner$3.evaluate(ParentRunner.java:306), org.junit.runners.ParentRunner.run(ParentRunner.java:413), org.apache.maven.surefire.junit4.JUnit4Provider.execute(JUnit4Provider.java:252), org.apache.maven.surefire.junit4.JUnit4Provider.executeTestSet(JUnit4Provider.java:141), org.apache.maven.surefire.junit4.JUnit4Provider.invoke(JUnit4Provider.java:112), java.base/jdk.internal.reflect.NativeMethodAccessorImpl.invoke0(Native Method), java.base/jdk.internal.reflect.NativeMethodAccessorImpl.invoke(NativeMethodAccessorImpl.java:62), java.base/jdk.internal.reflect.DelegatingMethodAccessorImpl.invoke(DelegatingMethodAccessorImpl.java:43), java.base/java.lang.reflect.Method.invoke(Method.java:566), org.apache.maven.surefire.util.ReflectionUtils.invokeMethodWithArray(ReflectionUtils.java:189), org.apache.maven.surefire.booter.ProviderFactory$ProviderProxy.invoke(ProviderFactory.java:165), org.apache.maven.surefire.booter.ProviderFactory.invokeProvider(ProviderFactory.java:85), org.apache.maven.surefire.booter.ForkedBooter.runSuitesInProcess(ForkedBooter.java:115), org.apache.maven.surefire.booter.ForkedBooter.main(ForkedBooter.java:75)]
14-Jun-21 01:04:38 [ERROR] ActionsUtil.logFail:413 - Test Status: Failed
14-Jun-21 01:04:38 [INFO] ActionsUtil.logInfo:380 - Closing the running browser instance
14-Jun-21 01:04:42 [INFO] Hooks.before:29 - ---------------------------------------------------------------
14-Jun-21 01:04:42 [INFO] Hooks.before:30 - Test Case Name: Login Scenario
14-Jun-21 01:04:42 [INFO] Hooks.before:31 - Status: Started
14-Jun-21 01:04:42 [INFO] Hooks.before:32 - ---------------------------------------------------------------
14-Jun-21 01:04:42 [INFO] ActionsUtil.logInfo:380 - Initializing the Browser instance
14-Jun-21 01:04:44 [INFO] ActionsUtil.logInfo:380 - Navigating to the URL: 'http://automationpractice.com/index.php'
14-Jun-21 01:04:54 [INFO] ActionsUtil.logInfo:380 - Click on the sign in button
14-Jun-21 01:04:54 [INFO] ActionsUtil.logInfo:380 - Starting to fill the login form
14-Jun-21 01:04:54 [INFO] ActionsUtil.logInfo:380 - Entering login email as 'useramrtest@mail.com'
14-Jun-21 01:04:55 [INFO] ActionsUtil.logInfo:380 - Entering login password as 'P@ssw0rd'
14-Jun-21 01:04:56 [INFO] ActionsUtil.logInfo:380 - Click on the sign in button
14-Jun-21 01:04:56 [INFO] ActionsUtil.logInfo:380 - Waiting for the sign out button to be visible
14-Jun-21 01:04:56 [INFO] ActionsUtil.logInfo:380 - The sign out button is now visible
14-Jun-21 01:04:56 [INFO] ActionsUtil.logSuccess:402 - Test Status: Passed
14-Jun-21 01:04:56 [INFO] ActionsUtil.logInfo:380 - Closing the running browser instance
14-Jun-21 01:04:57 [INFO] Hooks.before:29 - ---------------------------------------------------------------
14-Jun-21 01:04:57 [INFO] Hooks.before:30 - Test Case Name: Cart Checkout Scenario
14-Jun-21 01:04:57 [INFO] Hooks.before:31 - Status: Started
14-Jun-21 01:04:57 [INFO] Hooks.before:32 - ---------------------------------------------------------------
14-Jun-21 01:04:57 [INFO] ActionsUtil.logInfo:380 - Initializing the Browser instance
14-Jun-21 01:04:59 [INFO] ActionsUtil.logInfo:380 - Navigating to the URL: 'http://automationpractice.com/index.php'
14-Jun-21 01:05:08 [INFO] ActionsUtil.logInfo:380 - Click on the sign in button
14-Jun-21 01:05:08 [INFO] ActionsUtil.logInfo:380 - Starting to fill the login form
14-Jun-21 01:05:09 [INFO] ActionsUtil.logInfo:380 - Entering login email as 'useramrtest@mail.com'
14-Jun-21 01:05:09 [INFO] ActionsUtil.logInfo:380 - Entering login password as 'P@ssw0rd'
14-Jun-21 01:05:12 [INFO] ActionsUtil.logInfo:380 - Click on the sign in button
14-Jun-21 01:05:12 [INFO] ActionsUtil.logInfo:380 - Waiting for the sign out button to be visible
14-Jun-21 01:05:12 [INFO] ActionsUtil.logInfo:380 - The sign out button is now visible
14-Jun-21 01:05:14 [INFO] ActionsUtil.logInfo:380 - Navigate to T-Shirts page
14-Jun-21 01:05:15 [INFO] ActionsUtil.logInfo:380 - Select the item named 'Faded Short Sleeve T-shirts'
14-Jun-21 01:05:17 [INFO] ActionsUtil.logInfo:380 - Add the selected item to the cart
14-Jun-21 01:05:20 [INFO] ActionsUtil.logInfo:380 - Proceed to checkout page
14-Jun-21 01:05:22 [INFO] ActionsUtil.logInfo:380 - Proceed to the Address page
14-Jun-21 01:05:23 [INFO] ActionsUtil.logInfo:380 - Proceed to the Shipping page
14-Jun-21 01:05:23 [INFO] ActionsUtil.logInfo:380 - Accept the terms and conditions
14-Jun-21 01:05:25 [INFO] ActionsUtil.logInfo:380 - Proceed to the Payment page
14-Jun-21 01:05:27 [INFO] ActionsUtil.logInfo:380 - Choose to pay by bank wire
14-Jun-21 01:05:29 [INFO] ActionsUtil.logInfo:380 - Confirm the order
14-Jun-21 01:05:29 [INFO] ActionsUtil.logInfo:380 - Waiting for the checkout process to be completed
14-Jun-21 01:05:29 [INFO] ActionsUtil.logInfo:380 - The checkout process is completed
14-Jun-21 01:05:29 [INFO] ActionsUtil.logSuccess:402 - Test Status: Passed
14-Jun-21 01:05:29 [INFO] ActionsUtil.logInfo:380 - Closing the running browser instance
14-Jun-21 01:05:30 [INFO] Hooks.before:29 - ---------------------------------------------------------------
14-Jun-21 01:05:30 [INFO] Hooks.before:30 - Test Case Name: Get all posts
14-Jun-21 01:05:30 [INFO] Hooks.before:31 - Status: Started
14-Jun-21 01:05:30 [INFO] Hooks.before:32 - ---------------------------------------------------------------
14-Jun-21 01:05:31 [INFO] ActionsUtil.logInfo:380 - Getting all the posts data
14-Jun-21 01:05:32 [INFO] ActionsUtil.logInfo:380 - All the posts data has been successfully retrieved
14-Jun-21 01:05:32 [INFO] ActionsUtil.logInfo:380 - Asserting that the retrieved status code from the called API is '200'
14-Jun-21 01:05:32 [INFO] ActionsUtil.logInfo:380 - Extracting the response status code of the called API
14-Jun-21 01:05:32 [INFO] ActionsUtil.logInfo:380 - The retrieved status code is '200'
14-Jun-21 01:05:32 [INFO] ActionsUtil.logInfo:380 - Asserting that the number of posts in the response body of the called API is '100'
14-Jun-21 01:05:32 [INFO] ActionsUtil.logInfo:380 - Extracting the response body of the called API
14-Jun-21 01:05:33 [INFO] ActionsUtil.logInfo:380 - The number of the retrieved posts is '100'
14-Jun-21 01:05:33 [INFO] ActionsUtil.logSuccess:402 - Test Status: Passed
14-Jun-21 01:05:33 [INFO] Hooks.before:29 - ---------------------------------------------------------------
14-Jun-21 01:05:33 [INFO] Hooks.before:30 - Test Case Name: Get post by id
14-Jun-21 01:05:33 [INFO] Hooks.before:31 - Status: Started
14-Jun-21 01:05:33 [INFO] Hooks.before:32 - ---------------------------------------------------------------
14-Jun-21 01:05:33 [INFO] ActionsUtil.logInfo:380 - Getting the data of the post with id as '1'
14-Jun-21 01:05:33 [INFO] ActionsUtil.logInfo:380 - The data of the post with id as '1' has been successfully retrieved
14-Jun-21 01:05:33 [INFO] ActionsUtil.logInfo:380 - Asserting that the retrieved status code from the called API is '200'
14-Jun-21 01:05:33 [INFO] ActionsUtil.logInfo:380 - Extracting the response status code of the called API
14-Jun-21 01:05:33 [INFO] ActionsUtil.logInfo:380 - The retrieved status code is '200'
14-Jun-21 01:05:33 [INFO] ActionsUtil.logInfo:380 - Asserting that the id value in the response body is '1'
14-Jun-21 01:05:33 [INFO] ActionsUtil.logInfo:380 - Extracting the response body of the called API
14-Jun-21 01:05:33 [INFO] ActionsUtil.logInfo:380 - Extracting the value of the key 'id' from the response body of the called API
14-Jun-21 01:05:33 [INFO] ActionsUtil.logInfo:380 - The id value in the response body is '1'
14-Jun-21 01:05:33 [INFO] ActionsUtil.logSuccess:402 - Test Status: Passed
14-Jun-21 01:05:33 [INFO] Hooks.before:29 - ---------------------------------------------------------------
14-Jun-21 01:05:33 [INFO] Hooks.before:30 - Test Case Name: Add new post
14-Jun-21 01:05:33 [INFO] Hooks.before:31 - Status: Started
14-Jun-21 01:05:33 [INFO] Hooks.before:32 - ---------------------------------------------------------------
14-Jun-21 01:05:33 [INFO] ActionsUtil.logInfo:380 - Adding a new post with the data: '{"body":"bar","title":"foo","userId":1}'
14-Jun-21 01:05:34 [INFO] ActionsUtil.logInfo:380 - The new post has been successfully added
14-Jun-21 01:05:34 [INFO] ActionsUtil.logInfo:380 - Asserting that the retrieved status code from the called API is '201'
14-Jun-21 01:05:34 [INFO] ActionsUtil.logInfo:380 - Extracting the response status code of the called API
14-Jun-21 01:05:34 [INFO] ActionsUtil.logInfo:380 - The retrieved status code is '201'
14-Jun-21 01:05:34 [INFO] ActionsUtil.logInfo:380 - Asserting that the data of the added post exists in the response body
14-Jun-21 01:05:34 [INFO] ActionsUtil.logInfo:380 - Extracting the response body of the called API
14-Jun-21 01:05:34 [INFO] ActionsUtil.logInfo:380 - The data of the added post exists in the response body
14-Jun-21 01:05:34 [INFO] ActionsUtil.logSuccess:402 - Test Status: Passed
